<?xml version="1.0" encoding="UTF-8"?>
<testsuite name="com.training.springcore.service.CaptorServiceImplTest" tests="2" skipped="0" failures="0" errors="0" timestamp="2019-03-08T09:27:19" hostname="DESKTOP-8LT956O" time="0.07">
  <properties/>
  <testcase name="findBySite" classname="com.training.springcore.service.CaptorServiceImplTest" time="0.07"/>
  <testcase name="findBySiteShouldReturnNullWhenIdIsNull" classname="com.training.springcore.service.CaptorServiceImplTest" time="0.0"/>
  <system-out><![CDATA[]]></system-out>
  <system-err><![CDATA[]]></system-err>
</testsuite>
